[kbplacer_plugin_action.py:65]: Plugin version: 0.12
[kbplacer_plugin_action.py:66]: Python version: '3.9.13 (v3.9.13:6de2ca5339, May 17 2022, 11:37:23) \n[Clang 13.0.0 (clang-1300.0.29.30)]'
[kbplacer_plugin_action.py:67]: KiCad version: 8.0.6 with 4.2.2a1 osx-cocoa (phoenix) wxWidgets 3.2.5
[kbplacer_dialog.py:585]: Language: en
[kbplacer_plugin_action.py:75]: GUI state: {"layout_path": "/Users/nnavu/KicadProjects/keyboards/ortho-normal-keycaps/kle/left.json", "key_distance": [19.05, 19.05], "key_info": {"annotation_format": "SW{}", "position_option": "Default", "position": {"x": 0.0, "y": 0.0, "orientation": 0.0, "side": "Front"}, "template_path": ""}, "enable_diode_placement": true, "route_switches_with_diodes": true, "optimize_diodes_orientation": false, "diode_info": {"annotation_format": "D{}", "position_option": "Default", "position": {"x": 5.08, "y": 3.03, "orientation": 90.0, "side": "Back"}, "template_path": ""}, "additional_elements": [{"annotation_format": "ST{}", "position_option": "Custom", "position": {"x": 0.0, "y": 0.0, "orientation": 0.0, "side": "Front"}, "template_path": ""}], "route_rows_and_columns": false, "template_path": "", "generate_outline": false, "outline_delta": 2.0}
[key_placer.py:361]: Set key 1U distance: 19050000/19050000
[key_placer.py:123]: Switches by nets: defaultdict(<class 'list'>, {frozenset({'Col 5', 'Row 4'}): ['SW33'], frozenset({'Col 3', 'Row 4'}): ['SW32'], frozenset({'Col 2', 'Row 4'}): ['SW31'], frozenset({'Col 1', 'Row 4'}): ['SW30'], frozenset({'Col 0', 'Row 4'}): ['SW29'], frozenset({'Col 6', 'Row 3'}): ['SW28'], frozenset({'Col 5', 'Row 3'}): ['SW27'], frozenset({'Col 4', 'Row 3'}): ['SW26'], frozenset({'Row 3', 'Col 3'}): ['SW25'], frozenset({'Col 2', 'Row 3'}): ['SW24'], frozenset({'Col 1', 'Row 3'}): ['SW23'], frozenset({'Col 0', 'Row 3'}): ['SW22'], frozenset({'Col 6', 'Row 2'}): ['SW21'], frozenset({'Col 5', 'Row 2'}): ['SW20'], frozenset({'Col 4', 'Row 2'}): ['SW19'], frozenset({'Col 3', 'Row 2'}): ['SW18'], frozenset({'Col 2', 'Row 2'}): ['SW17'], frozenset({'Col 1', 'Row 2'}): ['SW16'], frozenset({'Col 0', 'Row 2'}): ['SW15'], frozenset({'Col 6', 'Row 1'}): ['SW14'], frozenset({'Col 5', 'Row 1'}): ['SW13'], frozenset({'Col 4', 'Row 1'}): ['SW12'], frozenset({'Row 1', 'Col 3'}): ['SW11'], frozenset({'Col 2', 'Row 1'}): ['SW10'], frozenset({'Col 1', 'Row 1'}): ['SW9'], frozenset({'Col 0', 'Row 1'}): ['SW8'], frozenset({'Col 6', 'Row 0'}): ['SW7'], frozenset({'Col 5', 'Row 0'}): ['SW6'], frozenset({'Col 4', 'Row 0'}): ['SW5'], frozenset({'Col 3', 'Row 0'}): ['SW4'], frozenset({'Col 2', 'Row 0'}): ['SW3'], frozenset({'Col 1', 'Row 0'}): ['SW2'], frozenset({'Col 0', 'Row 0'}): ['SW1']})
[key_placer.py:127]: Diodes by switch: {'SW33': ['D33'], 'SW32': ['D32'], 'SW31': ['D31'], 'SW30': ['D30'], 'SW29': ['D29'], 'SW28': ['D28'], 'SW27': ['D27'], 'SW26': ['D26'], 'SW25': ['D25'], 'SW24': ['D24'], 'SW23': ['D23'], 'SW22': ['D22'], 'SW21': ['D21'], 'SW20': ['D20'], 'SW19': ['D19'], 'SW18': ['D18'], 'SW17': ['D17'], 'SW16': ['D16'], 'SW15': ['D15'], 'SW14': ['D14'], 'SW13': ['D13'], 'SW12': ['D12'], 'SW11': ['D11'], 'SW10': ['D10'], 'SW9': ['D9'], 'SW8': ['D8'], 'SW7': ['D7'], 'SW6': ['D6'], 'SW5': ['D5'], 'SW4': ['D4'], 'SW3': ['D3'], 'SW2': ['D2'], 'SW1': ['D1']}
[kle_serial.py:897]: User layout: [[{'a': 7, 'x': 1.25}, '1', '2', '3', '4', '5', '6', '7'], [{'x': 0.75}, '8', {'w': 1.5}, '9', '10', '11', '12', '13', '14'], [{'x': 0.5}, '15', {'w': 1.75}, '16', '17', '18', '19', '20', '21'], ['22', {'w': 2.25}, '23', '24', '25', '26', '27', '28'], [{'x': 0.75}, '29', {'w': 1.25}, '30', {'w': 1.25}, '31', {'w': 1.25}, '32', {'w': 2.75}, '33']]
[key_placer.py:661]: Layout offset: (23812500, 28575000)
[board_modifier.py:85]: Setting SW1 footprint position: (57150000, 38100000)
[board_modifier.py:85]: Setting SW2 footprint position: (76200000, 38100000)
[board_modifier.py:85]: Setting SW3 footprint position: (95250000, 38100000)
[board_modifier.py:85]: Setting SW4 footprint position: (114300000, 38100000)
[board_modifier.py:85]: Setting SW5 footprint position: (133350000, 38100000)
[board_modifier.py:85]: Setting SW6 footprint position: (152400000, 38100000)
[board_modifier.py:85]: Setting SW7 footprint position: (171450000, 38100000)
[board_modifier.py:85]: Setting SW8 footprint position: (47625000, 57150000)
[board_modifier.py:85]: Setting SW9 footprint position: (71437500, 57150000)
[board_modifier.py:85]: Setting SW10 footprint position: (95250000, 57150000)
[board_modifier.py:85]: Setting SW11 footprint position: (114300000, 57150000)
[board_modifier.py:85]: Setting SW12 footprint position: (133350000, 57150000)
[board_modifier.py:85]: Setting SW13 footprint position: (152400000, 57150000)
[board_modifier.py:85]: Setting SW14 footprint position: (171450000, 57150000)
[board_modifier.py:85]: Setting SW15 footprint position: (42862500, 76200000)
[board_modifier.py:85]: Setting SW16 footprint position: (69056250, 76200000)
[board_modifier.py:85]: Setting SW17 footprint position: (95250000, 76200000)
[board_modifier.py:85]: Setting SW18 footprint position: (114300000, 76200000)
[board_modifier.py:85]: Setting SW19 footprint position: (133350000, 76200000)
[board_modifier.py:85]: Setting SW20 footprint position: (152400000, 76200000)
[board_modifier.py:85]: Setting SW21 footprint position: (171450000, 76200000)
[board_modifier.py:85]: Setting SW22 footprint position: (33337500, 95250000)
[board_modifier.py:85]: Setting SW23 footprint position: (64293750, 95250000)
[board_modifier.py:85]: Setting SW24 footprint position: (95250000, 95250000)
[board_modifier.py:85]: Setting SW25 footprint position: (114300000, 95250000)
[board_modifier.py:85]: Setting SW26 footprint position: (133350000, 95250000)
[board_modifier.py:85]: Setting SW27 footprint position: (152400000, 95250000)
[board_modifier.py:85]: Setting SW28 footprint position: (171450000, 95250000)
[board_modifier.py:85]: Setting SW29 footprint position: (47625000, 114300000)
[board_modifier.py:85]: Setting SW30 footprint position: (69056250, 114300000)
[board_modifier.py:85]: Setting SW31 footprint position: (92868750, 114300000)
[board_modifier.py:85]: Setting SW32 footprint position: (116681250, 114300000)
[board_modifier.py:85]: Setting SW33 footprint position: (154781250, 114300000)
[key_placer.py:996]: Diode info: [ElementInfo(annotation_format='D{}', position_option=<PositionOption.DEFAULT: 'Default'>, position=ElementPosition(x=5.08, y=3.03, orientation=90.0, side=<Side.BACK: 'Back'>), template_path='')]
[board_modifier.py:98]: Getting SW1 footprint position: (57150000, 38100000)
[board_modifier.py:85]: Setting D1 footprint position: (62230000, 41130000)
[board_modifier.py:98]: Getting SW2 footprint position: (76200000, 38100000)
[board_modifier.py:85]: Setting D2 footprint position: (81280000, 41130000)
[board_modifier.py:98]: Getting SW3 footprint position: (95250000, 38100000)
[board_modifier.py:85]: Setting D3 footprint position: (100330000, 41130000)
[board_modifier.py:98]: Getting SW4 footprint position: (114300000, 38100000)
[board_modifier.py:85]: Setting D4 footprint position: (119380000, 41130000)
[board_modifier.py:98]: Getting SW5 footprint position: (133350000, 38100000)
[board_modifier.py:85]: Setting D5 footprint position: (138430000, 41130000)
[board_modifier.py:98]: Getting SW6 footprint position: (152400000, 38100000)
[board_modifier.py:85]: Setting D6 footprint position: (157480000, 41130000)
[board_modifier.py:98]: Getting SW7 footprint position: (171450000, 38100000)
[board_modifier.py:85]: Setting D7 footprint position: (176530000, 41130000)
[board_modifier.py:98]: Getting SW8 footprint position: (47625000, 57150000)
[board_modifier.py:85]: Setting D8 footprint position: (52705000, 60180000)
[board_modifier.py:98]: Getting SW9 footprint position: (71437500, 57150000)
[board_modifier.py:85]: Setting D9 footprint position: (76517500, 60180000)
[board_modifier.py:98]: Getting SW10 footprint position: (95250000, 57150000)
[board_modifier.py:85]: Setting D10 footprint position: (100330000, 60180000)
[board_modifier.py:98]: Getting SW11 footprint position: (114300000, 57150000)
[board_modifier.py:85]: Setting D11 footprint position: (119380000, 60180000)
[board_modifier.py:98]: Getting SW12 footprint position: (133350000, 57150000)
[board_modifier.py:85]: Setting D12 footprint position: (138430000, 60180000)
[board_modifier.py:98]: Getting SW13 footprint position: (152400000, 57150000)
[board_modifier.py:85]: Setting D13 footprint position: (157480000, 60180000)
[board_modifier.py:98]: Getting SW14 footprint position: (171450000, 57150000)
[board_modifier.py:85]: Setting D14 footprint position: (176530000, 60180000)
[board_modifier.py:98]: Getting SW15 footprint position: (42862500, 76200000)
[board_modifier.py:85]: Setting D15 footprint position: (47942500, 79230000)
[board_modifier.py:98]: Getting SW16 footprint position: (69056250, 76200000)
[board_modifier.py:85]: Setting D16 footprint position: (74136250, 79230000)
[board_modifier.py:98]: Getting SW17 footprint position: (95250000, 76200000)
[board_modifier.py:85]: Setting D17 footprint position: (100330000, 79230000)
[board_modifier.py:98]: Getting SW18 footprint position: (114300000, 76200000)
[board_modifier.py:85]: Setting D18 footprint position: (119380000, 79230000)
[board_modifier.py:98]: Getting SW19 footprint position: (133350000, 76200000)
[board_modifier.py:85]: Setting D19 footprint position: (138430000, 79230000)
[board_modifier.py:98]: Getting SW20 footprint position: (152400000, 76200000)
[board_modifier.py:85]: Setting D20 footprint position: (157480000, 79230000)
[board_modifier.py:98]: Getting SW21 footprint position: (171450000, 76200000)
[board_modifier.py:85]: Setting D21 footprint position: (176530000, 79230000)
[board_modifier.py:98]: Getting SW22 footprint position: (33337500, 95250000)
[board_modifier.py:85]: Setting D22 footprint position: (38417500, 98280000)
[board_modifier.py:98]: Getting SW23 footprint position: (64293750, 95250000)
[board_modifier.py:85]: Setting D23 footprint position: (69373750, 98280000)
[board_modifier.py:98]: Getting SW24 footprint position: (95250000, 95250000)
[board_modifier.py:85]: Setting D24 footprint position: (100330000, 98280000)
[board_modifier.py:98]: Getting SW25 footprint position: (114300000, 95250000)
[board_modifier.py:85]: Setting D25 footprint position: (119380000, 98280000)
[board_modifier.py:98]: Getting SW26 footprint position: (133350000, 95250000)
[board_modifier.py:85]: Setting D26 footprint position: (138430000, 98280000)
[board_modifier.py:98]: Getting SW27 footprint position: (152400000, 95250000)
[board_modifier.py:85]: Setting D27 footprint position: (157480000, 98280000)
[board_modifier.py:98]: Getting SW28 footprint position: (171450000, 95250000)
[board_modifier.py:85]: Setting D28 footprint position: (176530000, 98280000)
[board_modifier.py:98]: Getting SW29 footprint position: (47625000, 114300000)
[board_modifier.py:85]: Setting D29 footprint position: (52705000, 117330000)
[board_modifier.py:98]: Getting SW30 footprint position: (69056250, 114300000)
[board_modifier.py:85]: Setting D30 footprint position: (74136250, 117330000)
[board_modifier.py:98]: Getting SW31 footprint position: (92868750, 114300000)
[board_modifier.py:85]: Setting D31 footprint position: (97948750, 117330000)
[board_modifier.py:98]: Getting SW32 footprint position: (116681250, 114300000)
[board_modifier.py:85]: Setting D32 footprint position: (121761250, 117330000)
[board_modifier.py:98]: Getting SW33 footprint position: (154781250, 114300000)
[board_modifier.py:85]: Setting D33 footprint position: (159861250, 117330000)
[key_placer.py:774]: Placing additional elements for SW33
[board_modifier.py:98]: Getting SW33 footprint position: (154781250, 114300000)
[board_modifier.py:75]: Searching for optional ST33 footprint in /Users/nnavu/KicadProjects/keyboards/ortho-normal-keycaps/ortho-normal-keycap.kicad_pcb
[board_modifier.py:80]: Footprint not found
[key_placer.py:774]: Placing additional elements for SW32
[board_modifier.py:98]: Getting SW32 footprint position: (116681250, 114300000)
[board_modifier.py:75]: Searching for optional ST32 footprint in /Users/nnavu/KicadProjects/keyboards/ortho-normal-keycaps/ortho-normal-keycap.kicad_pcb
[board_modifier.py:80]: Footprint not found
[key_placer.py:774]: Placing additional elements for SW31
[board_modifier.py:98]: Getting SW31 footprint position: (92868750, 114300000)
[board_modifier.py:75]: Searching for optional ST31 footprint in /Users/nnavu/KicadProjects/keyboards/ortho-normal-keycaps/ortho-normal-keycap.kicad_pcb
[board_modifier.py:80]: Footprint not found
[key_placer.py:774]: Placing additional elements for SW30
[board_modifier.py:98]: Getting SW30 footprint position: (69056250, 114300000)
[board_modifier.py:75]: Searching for optional ST30 footprint in /Users/nnavu/KicadProjects/keyboards/ortho-normal-keycaps/ortho-normal-keycap.kicad_pcb
[board_modifier.py:80]: Footprint not found
[key_placer.py:774]: Placing additional elements for SW29
[board_modifier.py:98]: Getting SW29 footprint position: (47625000, 114300000)
[board_modifier.py:75]: Searching for optional ST29 footprint in /Users/nnavu/KicadProjects/keyboards/ortho-normal-keycaps/ortho-normal-keycap.kicad_pcb
[board_modifier.py:80]: Footprint not found
[key_placer.py:774]: Placing additional elements for SW28
[board_modifier.py:98]: Getting SW28 footprint position: (171450000, 95250000)
[board_modifier.py:75]: Searching for optional ST28 footprint in /Users/nnavu/KicadProjects/keyboards/ortho-normal-keycaps/ortho-normal-keycap.kicad_pcb
[board_modifier.py:80]: Footprint not found
[key_placer.py:774]: Placing additional elements for SW27
[board_modifier.py:98]: Getting SW27 footprint position: (152400000, 95250000)
[board_modifier.py:75]: Searching for optional ST27 footprint in /Users/nnavu/KicadProjects/keyboards/ortho-normal-keycaps/ortho-normal-keycap.kicad_pcb
[board_modifier.py:80]: Footprint not found
[key_placer.py:774]: Placing additional elements for SW26
[board_modifier.py:98]: Getting SW26 footprint position: (133350000, 95250000)
[board_modifier.py:75]: Searching for optional ST26 footprint in /Users/nnavu/KicadProjects/keyboards/ortho-normal-keycaps/ortho-normal-keycap.kicad_pcb
[board_modifier.py:80]: Footprint not found
[key_placer.py:774]: Placing additional elements for SW25
[board_modifier.py:98]: Getting SW25 footprint position: (114300000, 95250000)
[board_modifier.py:75]: Searching for optional ST25 footprint in /Users/nnavu/KicadProjects/keyboards/ortho-normal-keycaps/ortho-normal-keycap.kicad_pcb
[board_modifier.py:80]: Footprint not found
[key_placer.py:774]: Placing additional elements for SW24
[board_modifier.py:98]: Getting SW24 footprint position: (95250000, 95250000)
[board_modifier.py:75]: Searching for optional ST24 footprint in /Users/nnavu/KicadProjects/keyboards/ortho-normal-keycaps/ortho-normal-keycap.kicad_pcb
[board_modifier.py:80]: Footprint not found
[key_placer.py:774]: Placing additional elements for SW23
[board_modifier.py:98]: Getting SW23 footprint position: (64293750, 95250000)
[board_modifier.py:75]: Searching for optional ST23 footprint in /Users/nnavu/KicadProjects/keyboards/ortho-normal-keycaps/ortho-normal-keycap.kicad_pcb
[board_modifier.py:80]: Footprint not found
[key_placer.py:774]: Placing additional elements for SW22
[board_modifier.py:98]: Getting SW22 footprint position: (33337500, 95250000)
[board_modifier.py:75]: Searching for optional ST22 footprint in /Users/nnavu/KicadProjects/keyboards/ortho-normal-keycaps/ortho-normal-keycap.kicad_pcb
[board_modifier.py:80]: Footprint not found
[key_placer.py:774]: Placing additional elements for SW21
[board_modifier.py:98]: Getting SW21 footprint position: (171450000, 76200000)
[board_modifier.py:75]: Searching for optional ST21 footprint in /Users/nnavu/KicadProjects/keyboards/ortho-normal-keycaps/ortho-normal-keycap.kicad_pcb
[board_modifier.py:80]: Footprint not found
[key_placer.py:774]: Placing additional elements for SW20
[board_modifier.py:98]: Getting SW20 footprint position: (152400000, 76200000)
[board_modifier.py:75]: Searching for optional ST20 footprint in /Users/nnavu/KicadProjects/keyboards/ortho-normal-keycaps/ortho-normal-keycap.kicad_pcb
[board_modifier.py:80]: Footprint not found
[key_placer.py:774]: Placing additional elements for SW19
[board_modifier.py:98]: Getting SW19 footprint position: (133350000, 76200000)
[board_modifier.py:75]: Searching for optional ST19 footprint in /Users/nnavu/KicadProjects/keyboards/ortho-normal-keycaps/ortho-normal-keycap.kicad_pcb
[board_modifier.py:80]: Footprint not found
[key_placer.py:774]: Placing additional elements for SW18
[board_modifier.py:98]: Getting SW18 footprint position: (114300000, 76200000)
[board_modifier.py:75]: Searching for optional ST18 footprint in /Users/nnavu/KicadProjects/keyboards/ortho-normal-keycaps/ortho-normal-keycap.kicad_pcb
[board_modifier.py:80]: Footprint not found
[key_placer.py:774]: Placing additional elements for SW17
[board_modifier.py:98]: Getting SW17 footprint position: (95250000, 76200000)
[board_modifier.py:75]: Searching for optional ST17 footprint in /Users/nnavu/KicadProjects/keyboards/ortho-normal-keycaps/ortho-normal-keycap.kicad_pcb
[board_modifier.py:80]: Footprint not found
[key_placer.py:774]: Placing additional elements for SW16
[board_modifier.py:98]: Getting SW16 footprint position: (69056250, 76200000)
[board_modifier.py:75]: Searching for optional ST16 footprint in /Users/nnavu/KicadProjects/keyboards/ortho-normal-keycaps/ortho-normal-keycap.kicad_pcb
[board_modifier.py:80]: Footprint not found
[key_placer.py:774]: Placing additional elements for SW15
[board_modifier.py:98]: Getting SW15 footprint position: (42862500, 76200000)
[board_modifier.py:75]: Searching for optional ST15 footprint in /Users/nnavu/KicadProjects/keyboards/ortho-normal-keycaps/ortho-normal-keycap.kicad_pcb
[board_modifier.py:80]: Footprint not found
[key_placer.py:774]: Placing additional elements for SW14
[board_modifier.py:98]: Getting SW14 footprint position: (171450000, 57150000)
[board_modifier.py:75]: Searching for optional ST14 footprint in /Users/nnavu/KicadProjects/keyboards/ortho-normal-keycaps/ortho-normal-keycap.kicad_pcb
[board_modifier.py:80]: Footprint not found
[key_placer.py:774]: Placing additional elements for SW13
[board_modifier.py:98]: Getting SW13 footprint position: (152400000, 57150000)
[board_modifier.py:75]: Searching for optional ST13 footprint in /Users/nnavu/KicadProjects/keyboards/ortho-normal-keycaps/ortho-normal-keycap.kicad_pcb
[board_modifier.py:80]: Footprint not found
[key_placer.py:774]: Placing additional elements for SW12
[board_modifier.py:98]: Getting SW12 footprint position: (133350000, 57150000)
[board_modifier.py:75]: Searching for optional ST12 footprint in /Users/nnavu/KicadProjects/keyboards/ortho-normal-keycaps/ortho-normal-keycap.kicad_pcb
[board_modifier.py:80]: Footprint not found
[key_placer.py:774]: Placing additional elements for SW11
[board_modifier.py:98]: Getting SW11 footprint position: (114300000, 57150000)
[board_modifier.py:75]: Searching for optional ST11 footprint in /Users/nnavu/KicadProjects/keyboards/ortho-normal-keycaps/ortho-normal-keycap.kicad_pcb
[board_modifier.py:80]: Footprint not found
[key_placer.py:774]: Placing additional elements for SW10
[board_modifier.py:98]: Getting SW10 footprint position: (95250000, 57150000)
[board_modifier.py:75]: Searching for optional ST10 footprint in /Users/nnavu/KicadProjects/keyboards/ortho-normal-keycaps/ortho-normal-keycap.kicad_pcb
[board_modifier.py:80]: Footprint not found
[key_placer.py:774]: Placing additional elements for SW9
[board_modifier.py:98]: Getting SW9 footprint position: (71437500, 57150000)
[board_modifier.py:75]: Searching for optional ST9 footprint in /Users/nnavu/KicadProjects/keyboards/ortho-normal-keycaps/ortho-normal-keycap.kicad_pcb
[board_modifier.py:80]: Footprint not found
[key_placer.py:774]: Placing additional elements for SW8
[board_modifier.py:98]: Getting SW8 footprint position: (47625000, 57150000)
[board_modifier.py:75]: Searching for optional ST8 footprint in /Users/nnavu/KicadProjects/keyboards/ortho-normal-keycaps/ortho-normal-keycap.kicad_pcb
[board_modifier.py:80]: Footprint not found
[key_placer.py:774]: Placing additional elements for SW7
[board_modifier.py:98]: Getting SW7 footprint position: (171450000, 38100000)
[board_modifier.py:75]: Searching for optional ST7 footprint in /Users/nnavu/KicadProjects/keyboards/ortho-normal-keycaps/ortho-normal-keycap.kicad_pcb
[board_modifier.py:80]: Footprint not found
[key_placer.py:774]: Placing additional elements for SW6
[board_modifier.py:98]: Getting SW6 footprint position: (152400000, 38100000)
[board_modifier.py:75]: Searching for optional ST6 footprint in /Users/nnavu/KicadProjects/keyboards/ortho-normal-keycaps/ortho-normal-keycap.kicad_pcb
[board_modifier.py:80]: Footprint not found
[key_placer.py:774]: Placing additional elements for SW5
[board_modifier.py:98]: Getting SW5 footprint position: (133350000, 38100000)
[board_modifier.py:75]: Searching for optional ST5 footprint in /Users/nnavu/KicadProjects/keyboards/ortho-normal-keycaps/ortho-normal-keycap.kicad_pcb
[board_modifier.py:80]: Footprint not found
[key_placer.py:774]: Placing additional elements for SW4
[board_modifier.py:98]: Getting SW4 footprint position: (114300000, 38100000)
[board_modifier.py:75]: Searching for optional ST4 footprint in /Users/nnavu/KicadProjects/keyboards/ortho-normal-keycaps/ortho-normal-keycap.kicad_pcb
[board_modifier.py:80]: Footprint not found
[key_placer.py:774]: Placing additional elements for SW3
[board_modifier.py:98]: Getting SW3 footprint position: (95250000, 38100000)
[board_modifier.py:75]: Searching for optional ST3 footprint in /Users/nnavu/KicadProjects/keyboards/ortho-normal-keycaps/ortho-normal-keycap.kicad_pcb
[board_modifier.py:80]: Footprint not found
[key_placer.py:774]: Placing additional elements for SW2
[board_modifier.py:98]: Getting SW2 footprint position: (76200000, 38100000)
[board_modifier.py:75]: Searching for optional ST2 footprint in /Users/nnavu/KicadProjects/keyboards/ortho-normal-keycaps/ortho-normal-keycap.kicad_pcb
[board_modifier.py:80]: Footprint not found
[key_placer.py:774]: Placing additional elements for SW1
[board_modifier.py:98]: Getting SW1 footprint position: (57150000, 38100000)
[board_modifier.py:75]: Searching for optional ST1 footprint in /Users/nnavu/KicadProjects/keyboards/ortho-normal-keycaps/ortho-normal-keycap.kicad_pcb
[board_modifier.py:80]: Footprint not found
[key_placer.py:423]: Routing SW33 with D33
[key_placer.py:425]: Using internal autorouter method
[board_modifier.py:522]: Routing at B.Cu layer
[board_modifier.py:539]: Netclass: Default, track width: 200000
[board_modifier.py:601]: Routing pad 'SW33:2' at (157321250, 109220000) with pad 'D33:2' at (159861250, 115680000) using coordinate system rotated by 0 degree(s)
[board_modifier.py:445]: Adding track segment (B.Cu): [(157321250, 109220000), (157321250, 113140000)]
[board_modifier.py:450]: Track added
[board_modifier.py:445]: Adding track segment (B.Cu): [(157321250, 113140000), (159861250, 115680000)]
[board_modifier.py:455]: Could not add track segment due to detected collision
[board_modifier.py:445]: Adding track segment (B.Cu): [(157321250, 109220000), (159861250, 111760000)]
[board_modifier.py:450]: Track added
[board_modifier.py:445]: Adding track segment (B.Cu): [(159861250, 111760000), (159861250, 115680000)]
[board_modifier.py:455]: Could not add track segment due to detected collision
[key_placer.py:423]: Routing SW32 with D32
[key_placer.py:425]: Using internal autorouter method
[board_modifier.py:522]: Routing at B.Cu layer
[board_modifier.py:539]: Netclass: Default, track width: 200000
[board_modifier.py:601]: Routing pad 'SW32:2' at (119221250, 109220000) with pad 'D32:2' at (121761250, 115680000) using coordinate system rotated by 0 degree(s)
[board_modifier.py:445]: Adding track segment (B.Cu): [(119221250, 109220000), (119221250, 113140000)]
[board_modifier.py:450]: Track added
[board_modifier.py:445]: Adding track segment (B.Cu): [(119221250, 113140000), (121761250, 115680000)]
[board_modifier.py:455]: Could not add track segment due to detected collision
[board_modifier.py:445]: Adding track segment (B.Cu): [(119221250, 109220000), (121761250, 111760000)]
[board_modifier.py:450]: Track added
[board_modifier.py:445]: Adding track segment (B.Cu): [(121761250, 111760000), (121761250, 115680000)]
[board_modifier.py:455]: Could not add track segment due to detected collision
[key_placer.py:423]: Routing SW31 with D31
[key_placer.py:425]: Using internal autorouter method
[board_modifier.py:522]: Routing at B.Cu layer
[board_modifier.py:539]: Netclass: Default, track width: 200000
[board_modifier.py:601]: Routing pad 'SW31:2' at (95408750, 109220000) with pad 'D31:2' at (97948750, 115680000) using coordinate system rotated by 0 degree(s)
[board_modifier.py:445]: Adding track segment (B.Cu): [(95408750, 109220000), (95408750, 113140000)]
[board_modifier.py:450]: Track added
[board_modifier.py:445]: Adding track segment (B.Cu): [(95408750, 113140000), (97948750, 115680000)]
[board_modifier.py:455]: Could not add track segment due to detected collision
[board_modifier.py:445]: Adding track segment (B.Cu): [(95408750, 109220000), (97948750, 111760000)]
[board_modifier.py:450]: Track added
[board_modifier.py:445]: Adding track segment (B.Cu): [(97948750, 111760000), (97948750, 115680000)]
[board_modifier.py:455]: Could not add track segment due to detected collision
[key_placer.py:423]: Routing SW30 with D30
[key_placer.py:425]: Using internal autorouter method
[board_modifier.py:522]: Routing at B.Cu layer
[board_modifier.py:539]: Netclass: Default, track width: 200000
[board_modifier.py:601]: Routing pad 'SW30:2' at (71596250, 109220000) with pad 'D30:2' at (74136250, 115680000) using coordinate system rotated by 0 degree(s)
[board_modifier.py:445]: Adding track segment (B.Cu): [(71596250, 109220000), (71596250, 113140000)]
[board_modifier.py:450]: Track added
[board_modifier.py:445]: Adding track segment (B.Cu): [(71596250, 113140000), (74136250, 115680000)]
[board_modifier.py:455]: Could not add track segment due to detected collision
[board_modifier.py:445]: Adding track segment (B.Cu): [(71596250, 109220000), (74136250, 111760000)]
[board_modifier.py:450]: Track added
[board_modifier.py:445]: Adding track segment (B.Cu): [(74136250, 111760000), (74136250, 115680000)]
[board_modifier.py:455]: Could not add track segment due to detected collision
[key_placer.py:423]: Routing SW29 with D29
[key_placer.py:425]: Using internal autorouter method
[board_modifier.py:522]: Routing at B.Cu layer
[board_modifier.py:539]: Netclass: Default, track width: 200000
[board_modifier.py:601]: Routing pad 'SW29:2' at (50165000, 109220000) with pad 'D29:2' at (52705000, 115680000) using coordinate system rotated by 0 degree(s)
[board_modifier.py:445]: Adding track segment (B.Cu): [(50165000, 109220000), (50165000, 113140000)]
[board_modifier.py:450]: Track added
[board_modifier.py:445]: Adding track segment (B.Cu): [(50165000, 113140000), (52705000, 115680000)]
[board_modifier.py:455]: Could not add track segment due to detected collision
[board_modifier.py:445]: Adding track segment (B.Cu): [(50165000, 109220000), (52705000, 111760000)]
[board_modifier.py:450]: Track added
[board_modifier.py:445]: Adding track segment (B.Cu): [(52705000, 111760000), (52705000, 115680000)]
[board_modifier.py:455]: Could not add track segment due to detected collision
[key_placer.py:423]: Routing SW28 with D28
[key_placer.py:425]: Using internal autorouter method
[board_modifier.py:522]: Routing at B.Cu layer
[board_modifier.py:539]: Netclass: Default, track width: 200000
[board_modifier.py:601]: Routing pad 'SW28:2' at (173990000, 90170000) with pad 'D28:2' at (176530000, 96630000) using coordinate system rotated by 0 degree(s)
[board_modifier.py:445]: Adding track segment (B.Cu): [(173990000, 90170000), (173990000, 94090000)]
[board_modifier.py:450]: Track added
[board_modifier.py:445]: Adding track segment (B.Cu): [(173990000, 94090000), (176530000, 96630000)]
[board_modifier.py:455]: Could not add track segment due to detected collision
[board_modifier.py:445]: Adding track segment (B.Cu): [(173990000, 90170000), (176530000, 92710000)]
[board_modifier.py:450]: Track added
[board_modifier.py:445]: Adding track segment (B.Cu): [(176530000, 92710000), (176530000, 96630000)]
[board_modifier.py:455]: Could not add track segment due to detected collision
[key_placer.py:423]: Routing SW27 with D27
[key_placer.py:425]: Using internal autorouter method
[board_modifier.py:522]: Routing at B.Cu layer
[board_modifier.py:539]: Netclass: Default, track width: 200000
[board_modifier.py:601]: Routing pad 'SW27:2' at (154940000, 90170000) with pad 'D27:2' at (157480000, 96630000) using coordinate system rotated by 0 degree(s)
[board_modifier.py:445]: Adding track segment (B.Cu): [(154940000, 90170000), (154940000, 94090000)]
[board_modifier.py:450]: Track added
[board_modifier.py:445]: Adding track segment (B.Cu): [(154940000, 94090000), (157480000, 96630000)]
[board_modifier.py:455]: Could not add track segment due to detected collision
[board_modifier.py:445]: Adding track segment (B.Cu): [(154940000, 90170000), (157480000, 92710000)]
[board_modifier.py:450]: Track added
[board_modifier.py:445]: Adding track segment (B.Cu): [(157480000, 92710000), (157480000, 96630000)]
[board_modifier.py:455]: Could not add track segment due to detected collision
[key_placer.py:423]: Routing SW26 with D26
[key_placer.py:425]: Using internal autorouter method
[board_modifier.py:522]: Routing at B.Cu layer
[board_modifier.py:539]: Netclass: Default, track width: 200000
[board_modifier.py:601]: Routing pad 'SW26:2' at (135890000, 90170000) with pad 'D26:2' at (138430000, 96630000) using coordinate system rotated by 0 degree(s)
[board_modifier.py:445]: Adding track segment (B.Cu): [(135890000, 90170000), (135890000, 94090000)]
[board_modifier.py:450]: Track added
[board_modifier.py:445]: Adding track segment (B.Cu): [(135890000, 94090000), (138430000, 96630000)]
[board_modifier.py:455]: Could not add track segment due to detected collision
[board_modifier.py:445]: Adding track segment (B.Cu): [(135890000, 90170000), (138430000, 92710000)]
[board_modifier.py:450]: Track added
[board_modifier.py:445]: Adding track segment (B.Cu): [(138430000, 92710000), (138430000, 96630000)]
[board_modifier.py:455]: Could not add track segment due to detected collision
[key_placer.py:423]: Routing SW25 with D25
[key_placer.py:425]: Using internal autorouter method
[board_modifier.py:522]: Routing at B.Cu layer
[board_modifier.py:539]: Netclass: Default, track width: 200000
[board_modifier.py:601]: Routing pad 'SW25:2' at (116840000, 90170000) with pad 'D25:2' at (119380000, 96630000) using coordinate system rotated by 0 degree(s)
[board_modifier.py:445]: Adding track segment (B.Cu): [(116840000, 90170000), (116840000, 94090000)]
[board_modifier.py:450]: Track added
[board_modifier.py:445]: Adding track segment (B.Cu): [(116840000, 94090000), (119380000, 96630000)]
[board_modifier.py:455]: Could not add track segment due to detected collision
[board_modifier.py:445]: Adding track segment (B.Cu): [(116840000, 90170000), (119380000, 92710000)]
[board_modifier.py:450]: Track added
[board_modifier.py:445]: Adding track segment (B.Cu): [(119380000, 92710000), (119380000, 96630000)]
[board_modifier.py:455]: Could not add track segment due to detected collision
[key_placer.py:423]: Routing SW24 with D24
[key_placer.py:425]: Using internal autorouter method
[board_modifier.py:522]: Routing at B.Cu layer
[board_modifier.py:539]: Netclass: Default, track width: 200000
[board_modifier.py:601]: Routing pad 'SW24:2' at (97790000, 90170000) with pad 'D24:2' at (100330000, 96630000) using coordinate system rotated by 0 degree(s)
[board_modifier.py:445]: Adding track segment (B.Cu): [(97790000, 90170000), (97790000, 94090000)]
[board_modifier.py:450]: Track added
[board_modifier.py:445]: Adding track segment (B.Cu): [(97790000, 94090000), (100330000, 96630000)]
[board_modifier.py:455]: Could not add track segment due to detected collision
[board_modifier.py:445]: Adding track segment (B.Cu): [(97790000, 90170000), (100330000, 92710000)]
[board_modifier.py:450]: Track added
[board_modifier.py:445]: Adding track segment (B.Cu): [(100330000, 92710000), (100330000, 96630000)]
[board_modifier.py:455]: Could not add track segment due to detected collision
[key_placer.py:423]: Routing SW23 with D23
[key_placer.py:425]: Using internal autorouter method
[board_modifier.py:522]: Routing at B.Cu layer
[board_modifier.py:539]: Netclass: Default, track width: 200000
[board_modifier.py:601]: Routing pad 'SW23:2' at (66833750, 90170000) with pad 'D23:2' at (69373750, 96630000) using coordinate system rotated by 0 degree(s)
[board_modifier.py:445]: Adding track segment (B.Cu): [(66833750, 90170000), (66833750, 94090000)]
[board_modifier.py:450]: Track added
[board_modifier.py:445]: Adding track segment (B.Cu): [(66833750, 94090000), (69373750, 96630000)]
[board_modifier.py:455]: Could not add track segment due to detected collision
[board_modifier.py:445]: Adding track segment (B.Cu): [(66833750, 90170000), (69373750, 92710000)]
[board_modifier.py:450]: Track added
[board_modifier.py:445]: Adding track segment (B.Cu): [(69373750, 92710000), (69373750, 96630000)]
[board_modifier.py:455]: Could not add track segment due to detected collision
[key_placer.py:423]: Routing SW22 with D22
[key_placer.py:425]: Using internal autorouter method
[board_modifier.py:522]: Routing at B.Cu layer
[board_modifier.py:539]: Netclass: Default, track width: 200000
[board_modifier.py:601]: Routing pad 'SW22:2' at (35877500, 90170000) with pad 'D22:2' at (38417500, 96630000) using coordinate system rotated by 0 degree(s)
[board_modifier.py:445]: Adding track segment (B.Cu): [(35877500, 90170000), (35877500, 94090000)]
[board_modifier.py:450]: Track added
[board_modifier.py:445]: Adding track segment (B.Cu): [(35877500, 94090000), (38417500, 96630000)]
[board_modifier.py:455]: Could not add track segment due to detected collision
[board_modifier.py:445]: Adding track segment (B.Cu): [(35877500, 90170000), (38417500, 92710000)]
[board_modifier.py:450]: Track added
[board_modifier.py:445]: Adding track segment (B.Cu): [(38417500, 92710000), (38417500, 96630000)]
[board_modifier.py:455]: Could not add track segment due to detected collision
[key_placer.py:423]: Routing SW21 with D21
[key_placer.py:425]: Using internal autorouter method
[board_modifier.py:522]: Routing at B.Cu layer
[board_modifier.py:539]: Netclass: Default, track width: 200000
[board_modifier.py:601]: Routing pad 'SW21:2' at (173990000, 71120000) with pad 'D21:2' at (176530000, 77580000) using coordinate system rotated by 0 degree(s)
[board_modifier.py:445]: Adding track segment (B.Cu): [(173990000, 71120000), (173990000, 75040000)]
[board_modifier.py:450]: Track added
[board_modifier.py:445]: Adding track segment (B.Cu): [(173990000, 75040000), (176530000, 77580000)]
[board_modifier.py:455]: Could not add track segment due to detected collision
[board_modifier.py:445]: Adding track segment (B.Cu): [(173990000, 71120000), (176530000, 73660000)]
[board_modifier.py:450]: Track added
[board_modifier.py:445]: Adding track segment (B.Cu): [(176530000, 73660000), (176530000, 77580000)]
[board_modifier.py:455]: Could not add track segment due to detected collision
[key_placer.py:423]: Routing SW20 with D20
[key_placer.py:425]: Using internal autorouter method
[board_modifier.py:522]: Routing at B.Cu layer
[board_modifier.py:539]: Netclass: Default, track width: 200000
[board_modifier.py:601]: Routing pad 'SW20:2' at (154940000, 71120000) with pad 'D20:2' at (157480000, 77580000) using coordinate system rotated by 0 degree(s)
[board_modifier.py:445]: Adding track segment (B.Cu): [(154940000, 71120000), (154940000, 75040000)]
[board_modifier.py:450]: Track added
[board_modifier.py:445]: Adding track segment (B.Cu): [(154940000, 75040000), (157480000, 77580000)]
[board_modifier.py:455]: Could not add track segment due to detected collision
[board_modifier.py:445]: Adding track segment (B.Cu): [(154940000, 71120000), (157480000, 73660000)]
[board_modifier.py:450]: Track added
[board_modifier.py:445]: Adding track segment (B.Cu): [(157480000, 73660000), (157480000, 77580000)]
[board_modifier.py:455]: Could not add track segment due to detected collision
[key_placer.py:423]: Routing SW19 with D19
[key_placer.py:425]: Using internal autorouter method
[board_modifier.py:522]: Routing at B.Cu layer
[board_modifier.py:539]: Netclass: Default, track width: 200000
[board_modifier.py:601]: Routing pad 'SW19:2' at (135890000, 71120000) with pad 'D19:2' at (138430000, 77580000) using coordinate system rotated by 0 degree(s)
[board_modifier.py:445]: Adding track segment (B.Cu): [(135890000, 71120000), (135890000, 75040000)]
[board_modifier.py:450]: Track added
[board_modifier.py:445]: Adding track segment (B.Cu): [(135890000, 75040000), (138430000, 77580000)]
[board_modifier.py:455]: Could not add track segment due to detected collision
[board_modifier.py:445]: Adding track segment (B.Cu): [(135890000, 71120000), (138430000, 73660000)]
[board_modifier.py:450]: Track added
[board_modifier.py:445]: Adding track segment (B.Cu): [(138430000, 73660000), (138430000, 77580000)]
[board_modifier.py:455]: Could not add track segment due to detected collision
[key_placer.py:423]: Routing SW18 with D18
[key_placer.py:425]: Using internal autorouter method
[board_modifier.py:522]: Routing at B.Cu layer
[board_modifier.py:539]: Netclass: Default, track width: 200000
[board_modifier.py:601]: Routing pad 'SW18:2' at (116840000, 71120000) with pad 'D18:2' at (119380000, 77580000) using coordinate system rotated by 0 degree(s)
[board_modifier.py:445]: Adding track segment (B.Cu): [(116840000, 71120000), (116840000, 75040000)]
[board_modifier.py:450]: Track added
[board_modifier.py:445]: Adding track segment (B.Cu): [(116840000, 75040000), (119380000, 77580000)]
[board_modifier.py:455]: Could not add track segment due to detected collision
[board_modifier.py:445]: Adding track segment (B.Cu): [(116840000, 71120000), (119380000, 73660000)]
[board_modifier.py:450]: Track added
[board_modifier.py:445]: Adding track segment (B.Cu): [(119380000, 73660000), (119380000, 77580000)]
[board_modifier.py:455]: Could not add track segment due to detected collision
[key_placer.py:423]: Routing SW17 with D17
[key_placer.py:425]: Using internal autorouter method
[board_modifier.py:522]: Routing at B.Cu layer
[board_modifier.py:539]: Netclass: Default, track width: 200000
[board_modifier.py:601]: Routing pad 'SW17:2' at (97790000, 71120000) with pad 'D17:2' at (100330000, 77580000) using coordinate system rotated by 0 degree(s)
[board_modifier.py:445]: Adding track segment (B.Cu): [(97790000, 71120000), (97790000, 75040000)]
[board_modifier.py:450]: Track added
[board_modifier.py:445]: Adding track segment (B.Cu): [(97790000, 75040000), (100330000, 77580000)]
[board_modifier.py:455]: Could not add track segment due to detected collision
[board_modifier.py:445]: Adding track segment (B.Cu): [(97790000, 71120000), (100330000, 73660000)]
[board_modifier.py:450]: Track added
[board_modifier.py:445]: Adding track segment (B.Cu): [(100330000, 73660000), (100330000, 77580000)]
[board_modifier.py:455]: Could not add track segment due to detected collision
[key_placer.py:423]: Routing SW16 with D16
[key_placer.py:425]: Using internal autorouter method
[board_modifier.py:522]: Routing at B.Cu layer
[board_modifier.py:539]: Netclass: Default, track width: 200000
[board_modifier.py:601]: Routing pad 'SW16:2' at (66038871, 72392072) with pad 'D16:2' at (74136250, 77580000) using coordinate system rotated by 0 degree(s)
[board_modifier.py:445]: Adding track segment (B.Cu): [(66038871, 72392072), (68948322, 72392072)]
[board_modifier.py:450]: Track added
[board_modifier.py:445]: Adding track segment (B.Cu): [(68948322, 72392072), (74136250, 77580000)]
[board_modifier.py:455]: Could not add track segment due to detected collision
[board_modifier.py:445]: Adding track segment (B.Cu): [(66038871, 72392072), (71226799, 77580000)]
[board_modifier.py:455]: Could not add track segment due to detected collision
[key_placer.py:423]: Routing SW15 with D15
[key_placer.py:425]: Using internal autorouter method
[board_modifier.py:522]: Routing at B.Cu layer
[board_modifier.py:539]: Netclass: Default, track width: 200000
[board_modifier.py:601]: Routing pad 'SW15:2' at (45402500, 71120000) with pad 'D15:2' at (47942500, 77580000) using coordinate system rotated by 0 degree(s)
[board_modifier.py:445]: Adding track segment (B.Cu): [(45402500, 71120000), (45402500, 75040000)]
[board_modifier.py:450]: Track added
[board_modifier.py:445]: Adding track segment (B.Cu): [(45402500, 75040000), (47942500, 77580000)]
[board_modifier.py:455]: Could not add track segment due to detected collision
[board_modifier.py:445]: Adding track segment (B.Cu): [(45402500, 71120000), (47942500, 73660000)]
[board_modifier.py:450]: Track added
[board_modifier.py:445]: Adding track segment (B.Cu): [(47942500, 73660000), (47942500, 77580000)]
[board_modifier.py:455]: Could not add track segment due to detected collision
[key_placer.py:423]: Routing SW14 with D14
[key_placer.py:425]: Using internal autorouter method
[board_modifier.py:522]: Routing at B.Cu layer
[board_modifier.py:539]: Netclass: Default, track width: 200000
[board_modifier.py:601]: Routing pad 'SW14:2' at (173990000, 52070000) with pad 'D14:2' at (176530000, 58530000) using coordinate system rotated by 0 degree(s)
[board_modifier.py:445]: Adding track segment (B.Cu): [(173990000, 52070000), (173990000, 55990000)]
[board_modifier.py:450]: Track added
[board_modifier.py:445]: Adding track segment (B.Cu): [(173990000, 55990000), (176530000, 58530000)]
[board_modifier.py:455]: Could not add track segment due to detected collision
[board_modifier.py:445]: Adding track segment (B.Cu): [(173990000, 52070000), (176530000, 54610000)]
[board_modifier.py:450]: Track added
[board_modifier.py:445]: Adding track segment (B.Cu): [(176530000, 54610000), (176530000, 58530000)]
[board_modifier.py:455]: Could not add track segment due to detected collision
[key_placer.py:423]: Routing SW13 with D13
[key_placer.py:425]: Using internal autorouter method
[board_modifier.py:522]: Routing at B.Cu layer
[board_modifier.py:539]: Netclass: Default, track width: 200000
[board_modifier.py:601]: Routing pad 'SW13:2' at (154940000, 52070000) with pad 'D13:2' at (157480000, 58530000) using coordinate system rotated by 0 degree(s)
[board_modifier.py:445]: Adding track segment (B.Cu): [(154940000, 52070000), (154940000, 55990000)]
[board_modifier.py:450]: Track added
[board_modifier.py:445]: Adding track segment (B.Cu): [(154940000, 55990000), (157480000, 58530000)]
[board_modifier.py:455]: Could not add track segment due to detected collision
[board_modifier.py:445]: Adding track segment (B.Cu): [(154940000, 52070000), (157480000, 54610000)]
[board_modifier.py:450]: Track added
[board_modifier.py:445]: Adding track segment (B.Cu): [(157480000, 54610000), (157480000, 58530000)]
[board_modifier.py:455]: Could not add track segment due to detected collision
[key_placer.py:423]: Routing SW12 with D12
[key_placer.py:425]: Using internal autorouter method
[board_modifier.py:522]: Routing at B.Cu layer
[board_modifier.py:539]: Netclass: Default, track width: 200000
[board_modifier.py:601]: Routing pad 'SW12:2' at (135890000, 52070000) with pad 'D12:2' at (138430000, 58530000) using coordinate system rotated by 0 degree(s)
[board_modifier.py:445]: Adding track segment (B.Cu): [(135890000, 52070000), (135890000, 55990000)]
[board_modifier.py:450]: Track added
[board_modifier.py:445]: Adding track segment (B.Cu): [(135890000, 55990000), (138430000, 58530000)]
[board_modifier.py:455]: Could not add track segment due to detected collision
[board_modifier.py:445]: Adding track segment (B.Cu): [(135890000, 52070000), (138430000, 54610000)]
[board_modifier.py:450]: Track added
[board_modifier.py:445]: Adding track segment (B.Cu): [(138430000, 54610000), (138430000, 58530000)]
[board_modifier.py:455]: Could not add track segment due to detected collision
[key_placer.py:423]: Routing SW11 with D11
[key_placer.py:425]: Using internal autorouter method
[board_modifier.py:522]: Routing at B.Cu layer
[board_modifier.py:539]: Netclass: Default, track width: 200000
[board_modifier.py:601]: Routing pad 'SW11:2' at (116840000, 52070000) with pad 'D11:2' at (119380000, 58530000) using coordinate system rotated by 0 degree(s)
[board_modifier.py:445]: Adding track segment (B.Cu): [(116840000, 52070000), (116840000, 55990000)]
[board_modifier.py:450]: Track added
[board_modifier.py:445]: Adding track segment (B.Cu): [(116840000, 55990000), (119380000, 58530000)]
[board_modifier.py:455]: Could not add track segment due to detected collision
[board_modifier.py:445]: Adding track segment (B.Cu): [(116840000, 52070000), (119380000, 54610000)]
[board_modifier.py:450]: Track added
[board_modifier.py:445]: Adding track segment (B.Cu): [(119380000, 54610000), (119380000, 58530000)]
[board_modifier.py:455]: Could not add track segment due to detected collision
[key_placer.py:423]: Routing SW10 with D10
[key_placer.py:425]: Using internal autorouter method
[board_modifier.py:522]: Routing at B.Cu layer
[board_modifier.py:539]: Netclass: Default, track width: 200000
[board_modifier.py:601]: Routing pad 'SW10:2' at (97790000, 52070000) with pad 'D10:2' at (100330000, 58530000) using coordinate system rotated by 0 degree(s)
[board_modifier.py:445]: Adding track segment (B.Cu): [(97790000, 52070000), (97790000, 55990000)]
[board_modifier.py:450]: Track added
[board_modifier.py:445]: Adding track segment (B.Cu): [(97790000, 55990000), (100330000, 58530000)]
[board_modifier.py:455]: Could not add track segment due to detected collision
[board_modifier.py:445]: Adding track segment (B.Cu): [(97790000, 52070000), (100330000, 54610000)]
[board_modifier.py:450]: Track added
[board_modifier.py:445]: Adding track segment (B.Cu): [(100330000, 54610000), (100330000, 58530000)]
[board_modifier.py:455]: Could not add track segment due to detected collision
[key_placer.py:423]: Routing SW9 with D9
[key_placer.py:425]: Using internal autorouter method
[board_modifier.py:522]: Routing at B.Cu layer
[board_modifier.py:539]: Netclass: Default, track width: 200000
[board_modifier.py:601]: Routing pad 'SW9:2' at (73977500, 52070000) with pad 'D9:2' at (76517500, 58530000) using coordinate system rotated by 0 degree(s)
[board_modifier.py:445]: Adding track segment (B.Cu): [(73977500, 52070000), (73977500, 55990000)]
[board_modifier.py:450]: Track added
[board_modifier.py:445]: Adding track segment (B.Cu): [(73977500, 55990000), (76517500, 58530000)]
[board_modifier.py:455]: Could not add track segment due to detected collision
[board_modifier.py:445]: Adding track segment (B.Cu): [(73977500, 52070000), (76517500, 54610000)]
[board_modifier.py:450]: Track added
[board_modifier.py:445]: Adding track segment (B.Cu): [(76517500, 54610000), (76517500, 58530000)]
[board_modifier.py:455]: Could not add track segment due to detected collision
[key_placer.py:423]: Routing SW8 with D8
[key_placer.py:425]: Using internal autorouter method
[board_modifier.py:522]: Routing at B.Cu layer
[board_modifier.py:539]: Netclass: Default, track width: 200000
[board_modifier.py:601]: Routing pad 'SW8:2' at (50165000, 52070000) with pad 'D8:2' at (52705000, 58530000) using coordinate system rotated by 0 degree(s)
[board_modifier.py:445]: Adding track segment (B.Cu): [(50165000, 52070000), (50165000, 55990000)]
[board_modifier.py:450]: Track added
[board_modifier.py:445]: Adding track segment (B.Cu): [(50165000, 55990000), (52705000, 58530000)]
[board_modifier.py:455]: Could not add track segment due to detected collision
[board_modifier.py:445]: Adding track segment (B.Cu): [(50165000, 52070000), (52705000, 54610000)]
[board_modifier.py:450]: Track added
[board_modifier.py:445]: Adding track segment (B.Cu): [(52705000, 54610000), (52705000, 58530000)]
[board_modifier.py:455]: Could not add track segment due to detected collision
[key_placer.py:423]: Routing SW7 with D7
[key_placer.py:425]: Using internal autorouter method
[board_modifier.py:522]: Routing at B.Cu layer
[board_modifier.py:539]: Netclass: Default, track width: 200000
[board_modifier.py:601]: Routing pad 'SW7:2' at (173990000, 33020000) with pad 'D7:2' at (176530000, 39480000) using coordinate system rotated by 0 degree(s)
[board_modifier.py:445]: Adding track segment (B.Cu): [(173990000, 33020000), (173990000, 36940000)]
[board_modifier.py:450]: Track added
[board_modifier.py:445]: Adding track segment (B.Cu): [(173990000, 36940000), (176530000, 39480000)]
[board_modifier.py:455]: Could not add track segment due to detected collision
[board_modifier.py:445]: Adding track segment (B.Cu): [(173990000, 33020000), (176530000, 35560000)]
[board_modifier.py:450]: Track added
[board_modifier.py:445]: Adding track segment (B.Cu): [(176530000, 35560000), (176530000, 39480000)]
[board_modifier.py:455]: Could not add track segment due to detected collision
[key_placer.py:423]: Routing SW6 with D6
[key_placer.py:425]: Using internal autorouter method
[board_modifier.py:522]: Routing at B.Cu layer
[board_modifier.py:539]: Netclass: Default, track width: 200000
[board_modifier.py:601]: Routing pad 'SW6:2' at (154940000, 33020000) with pad 'D6:2' at (157480000, 39480000) using coordinate system rotated by 0 degree(s)
[board_modifier.py:445]: Adding track segment (B.Cu): [(154940000, 33020000), (154940000, 36940000)]
[board_modifier.py:450]: Track added
[board_modifier.py:445]: Adding track segment (B.Cu): [(154940000, 36940000), (157480000, 39480000)]
[board_modifier.py:455]: Could not add track segment due to detected collision
[board_modifier.py:445]: Adding track segment (B.Cu): [(154940000, 33020000), (157480000, 35560000)]
[board_modifier.py:450]: Track added
[board_modifier.py:445]: Adding track segment (B.Cu): [(157480000, 35560000), (157480000, 39480000)]
[board_modifier.py:455]: Could not add track segment due to detected collision
[key_placer.py:423]: Routing SW5 with D5
[key_placer.py:425]: Using internal autorouter method
[board_modifier.py:522]: Routing at B.Cu layer
[board_modifier.py:539]: Netclass: Default, track width: 200000
[board_modifier.py:601]: Routing pad 'SW5:2' at (135890000, 33020000) with pad 'D5:2' at (138430000, 39480000) using coordinate system rotated by 0 degree(s)
[board_modifier.py:445]: Adding track segment (B.Cu): [(135890000, 33020000), (135890000, 36940000)]
[board_modifier.py:450]: Track added
[board_modifier.py:445]: Adding track segment (B.Cu): [(135890000, 36940000), (138430000, 39480000)]
[board_modifier.py:455]: Could not add track segment due to detected collision
[board_modifier.py:445]: Adding track segment (B.Cu): [(135890000, 33020000), (138430000, 35560000)]
[board_modifier.py:450]: Track added
[board_modifier.py:445]: Adding track segment (B.Cu): [(138430000, 35560000), (138430000, 39480000)]
[board_modifier.py:455]: Could not add track segment due to detected collision
[key_placer.py:423]: Routing SW4 with D4
[key_placer.py:425]: Using internal autorouter method
[board_modifier.py:522]: Routing at B.Cu layer
[board_modifier.py:539]: Netclass: Default, track width: 200000
[board_modifier.py:601]: Routing pad 'SW4:2' at (116840000, 33020000) with pad 'D4:2' at (119380000, 39480000) using coordinate system rotated by 0 degree(s)
[board_modifier.py:445]: Adding track segment (B.Cu): [(116840000, 33020000), (116840000, 36940000)]
[board_modifier.py:450]: Track added
[board_modifier.py:445]: Adding track segment (B.Cu): [(116840000, 36940000), (119380000, 39480000)]
[board_modifier.py:455]: Could not add track segment due to detected collision
[board_modifier.py:445]: Adding track segment (B.Cu): [(116840000, 33020000), (119380000, 35560000)]
[board_modifier.py:450]: Track added
[board_modifier.py:445]: Adding track segment (B.Cu): [(119380000, 35560000), (119380000, 39480000)]
[board_modifier.py:455]: Could not add track segment due to detected collision
[key_placer.py:423]: Routing SW3 with D3
[key_placer.py:425]: Using internal autorouter method
[board_modifier.py:522]: Routing at B.Cu layer
[board_modifier.py:539]: Netclass: Default, track width: 200000
[board_modifier.py:601]: Routing pad 'SW3:2' at (97790000, 33020000) with pad 'D3:2' at (100330000, 39480000) using coordinate system rotated by 0 degree(s)
[board_modifier.py:445]: Adding track segment (B.Cu): [(97790000, 33020000), (97790000, 36940000)]
[board_modifier.py:450]: Track added
[board_modifier.py:445]: Adding track segment (B.Cu): [(97790000, 36940000), (100330000, 39480000)]
[board_modifier.py:455]: Could not add track segment due to detected collision
[board_modifier.py:445]: Adding track segment (B.Cu): [(97790000, 33020000), (100330000, 35560000)]
[board_modifier.py:450]: Track added
[board_modifier.py:445]: Adding track segment (B.Cu): [(100330000, 35560000), (100330000, 39480000)]
[board_modifier.py:455]: Could not add track segment due to detected collision
[key_placer.py:423]: Routing SW2 with D2
[key_placer.py:425]: Using internal autorouter method
[board_modifier.py:522]: Routing at B.Cu layer
[board_modifier.py:539]: Netclass: Default, track width: 200000
[board_modifier.py:601]: Routing pad 'SW2:2' at (78740000, 33020000) with pad 'D2:2' at (81280000, 39480000) using coordinate system rotated by 0 degree(s)
[board_modifier.py:445]: Adding track segment (B.Cu): [(78740000, 33020000), (78740000, 36940000)]
[board_modifier.py:450]: Track added
[board_modifier.py:445]: Adding track segment (B.Cu): [(78740000, 36940000), (81280000, 39480000)]
[board_modifier.py:455]: Could not add track segment due to detected collision
[board_modifier.py:445]: Adding track segment (B.Cu): [(78740000, 33020000), (81280000, 35560000)]
[board_modifier.py:450]: Track added
[board_modifier.py:445]: Adding track segment (B.Cu): [(81280000, 35560000), (81280000, 39480000)]
[board_modifier.py:455]: Could not add track segment due to detected collision
[key_placer.py:423]: Routing SW1 with D1
[key_placer.py:425]: Using internal autorouter method
[board_modifier.py:522]: Routing at B.Cu layer
[board_modifier.py:539]: Netclass: Default, track width: 200000
[board_modifier.py:601]: Routing pad 'SW1:2' at (59690000, 33020000) with pad 'D1:2' at (62230000, 39480000) using coordinate system rotated by 0 degree(s)
[board_modifier.py:445]: Adding track segment (B.Cu): [(59690000, 33020000), (59690000, 36940000)]
[board_modifier.py:450]: Track added
[board_modifier.py:445]: Adding track segment (B.Cu): [(59690000, 36940000), (62230000, 39480000)]
[board_modifier.py:455]: Could not add track segment due to detected collision
[board_modifier.py:445]: Adding track segment (B.Cu): [(59690000, 33020000), (62230000, 35560000)]
[board_modifier.py:450]: Track added
[board_modifier.py:445]: Adding track segment (B.Cu): [(62230000, 35560000), (62230000, 39480000)]
[board_modifier.py:455]: Could not add track segment due to detected collision
[key_placer.py:457]: Removing dangling tracks
[key_placer.py:469]: Removing bef8cf95-fcea-4518-ac86-d7268bab4ab1
[key_placer.py:469]: Removing 77d4c570-f71b-4858-9792-523b5b00e9f8
[key_placer.py:469]: Removing 88a40f73-e9c5-4309-b5ab-5e7a1db23b01
[key_placer.py:469]: Removing 9ba2956a-41e8-4805-9f02-fb564f18545a
[key_placer.py:469]: Removing 0ccca89e-5ba5-4f82-b953-5868a20c20ab
[key_placer.py:469]: Removing cd88b33b-8c06-4492-8f4d-c72267c04812
[key_placer.py:469]: Removing 49ccb2e6-0e1d-4724-a0ef-cc4ab1656976
[key_placer.py:469]: Removing fe0b8f92-10b6-48b8-b11d-5e6742fa9fad
[key_placer.py:469]: Removing 9724777d-d51b-4f4d-ab7e-bb573bb2d770
[key_placer.py:469]: Removing 1dd003ac-7be7-43d6-b90a-a69712254ece
[key_placer.py:469]: Removing c8c46dc3-488a-40fa-bde5-f78e67f1a143
[key_placer.py:469]: Removing eadd508a-0a46-4ed4-8c83-ee5b676f121f
[key_placer.py:469]: Removing d8d17b32-495c-4d80-9c3b-bdf502119ceb
[key_placer.py:469]: Removing 8522b9da-ce09-4f5f-87de-4992f0ba377f
[key_placer.py:469]: Removing da9d4913-6a57-4dc6-99c8-ebc8944fc35a
[key_placer.py:469]: Removing 7dfc2ddb-1b62-4446-8c95-7309c8e50bb1
[key_placer.py:469]: Removing 13d4efec-e4ef-4ac1-a49e-6429ec95588d
[key_placer.py:469]: Removing 7c3d47d9-a254-4bd5-bea8-3ca6fdc5e4ab
[key_placer.py:469]: Removing 4437b928-5da1-4cef-92a0-b8f781137324
[key_placer.py:469]: Removing ae7ce5c1-fb3d-47a7-9498-3c0638ebd07f
[key_placer.py:469]: Removing f6ec2977-6398-4479-933a-debb8c0429f0
[key_placer.py:469]: Removing 01fe1860-74fc-4716-97bd-f31c8fe3839d
[key_placer.py:469]: Removing 48acfcf8-ca03-4caa-9bee-5f50034882b9
[key_placer.py:469]: Removing 55fc6b63-0963-479a-9fbf-70568b56e53b
[key_placer.py:469]: Removing 695d9c04-d653-4491-b18e-1aa92428c543
[key_placer.py:469]: Removing 08505777-23f5-474c-aaea-9854744e2f6e
[key_placer.py:469]: Removing dccce0e9-d702-4bb4-80eb-f342ebd8baea
[key_placer.py:469]: Removing 8374b818-1e9c-4497-b8ee-d2dfbc60ef3c
[key_placer.py:469]: Removing 7e7a9f7e-9201-46a8-bd6e-ee3c598316a6
[key_placer.py:469]: Removing 709b488f-6d1a-45df-9d3c-51272dd6e2a8
[key_placer.py:469]: Removing 4152de84-d707-410f-bab3-46b08f418ccc
[key_placer.py:469]: Removing b14a1448-9826-4a55-8def-cc1e05267bd9
[key_placer.py:469]: Removing 5d61fca2-f666-4cf5-9e7d-076df394e835
[key_placer.py:469]: Removing cd3a7044-ec3b-4ede-a40c-8e91eeeb726b
[key_placer.py:469]: Removing 6ba466fa-064e-4284-b459-ecbd3379788a
[key_placer.py:469]: Removing 3e9caeda-8927-41f0-be8b-7206d652d02d
[key_placer.py:469]: Removing 68718aa1-339b-4891-8137-6e1f2591d701
[key_placer.py:469]: Removing 187d4ad8-4298-49fd-9c90-04fe94336d8d
[key_placer.py:469]: Removing 17bd71f1-f22a-483f-9120-3bf5c6b43904
[key_placer.py:469]: Removing b53b6290-38c4-4d43-8500-68a3b1b0dfa4
[key_placer.py:469]: Removing 74d3dbcb-2d98-48b4-8e86-266381e915d5
[key_placer.py:469]: Removing c61d2efc-48bf-4a53-8f5a-bdd5ee4b64f5
[key_placer.py:469]: Removing e655df77-33f3-4f7d-a459-4e70a4b8f112
[key_placer.py:469]: Removing e6d547a8-40eb-4187-9f8e-5c3bb86b62fd
[key_placer.py:469]: Removing 22bc4c6b-b998-4ca8-9cef-771dfa6b67b0
[key_placer.py:469]: Removing b102f500-82d2-405f-9e7f-a0b37a386bf4
[key_placer.py:469]: Removing 699dbc81-5980-46de-b5b8-939d4ede1d10
[key_placer.py:469]: Removing 51280988-dcef-467d-8c68-31c1586897f8
[key_placer.py:469]: Removing 83ddd069-2c02-49ce-94e4-32fe79e67330
[key_placer.py:469]: Removing f20afff8-231b-4ea4-b6f2-3d163dfdabd7
[key_placer.py:469]: Removing 705b4cc1-94af-4130-a56c-436580cf38f5
[key_placer.py:469]: Removing 6899fb82-082c-4f0f-992e-446d80765eb9
[key_placer.py:469]: Removing 71e51ded-881e-4d72-9043-f697902df2e5
[key_placer.py:469]: Removing 1cddba50-efc9-46a5-9d59-1c2b4a2e420f
[key_placer.py:469]: Removing 10ab88be-1f8d-4a1c-8ed4-d1ffd9d20c68
[key_placer.py:469]: Removing fd311995-663d-4afe-8121-7812421a92ff
[key_placer.py:469]: Removing 2b17d872-0051-41f3-9aee-41acea5732fc
[key_placer.py:469]: Removing c9561e28-9f72-42be-8200-9752eb5c6472
[key_placer.py:469]: Removing 20406e19-a0cd-4836-b883-a70d44ce9eb2
[key_placer.py:469]: Removing 52614bef-63a5-4365-a637-c4a82334a071
[key_placer.py:469]: Removing 216725dd-86f6-49a9-b18c-2212ec5e2c65
[key_placer.py:469]: Removing c6b6c464-108c-4d69-8502-395ef5af07b1
[key_placer.py:469]: Removing 0a884762-7496-46c0-a684-58a3571f6890
[key_placer.py:469]: Removing 6391fbfe-fc09-429d-a803-09869b21d465
[key_placer.py:469]: Removing ac671cdd-c4dd-48bf-bac0-b7e9b3930d23
[key_placer.py:457]: Removing dangling tracks
